Performing C SOURCE FILE Test CMAKE_HAVE_LIBC_PTHREAD failed with the following output:
Change Dir: /home/andres/robotica/G6-M1/practica4/GotoXY/cmake-build-debug/CMakeFiles/CMakeTmp

Run Build Command(s):/usr/bin/make -f Makefile cmTC_b3dff/fast && /usr/bin/make  -f CMakeFiles/cmTC_b3dff.dir/build.make CMakeFiles/cmTC_b3dff.dir/build
make[1]: se entra en el directorio '/home/andres/robotica/G6-M1/practica4/GotoXY/cmake-build-debug/CMakeFiles/CMakeTmp'
Building C object CMakeFiles/cmTC_b3dff.dir/src.c.o
/usr/bin/cc -DCMAKE_HAVE_LIBC_PTHREAD   -o CMakeFiles/cmTC_b3dff.dir/src.c.o -c /home/andres/robotica/G6-M1/practica4/GotoXY/cmake-build-debug/CMakeFiles/CMakeTmp/src.c
Linking C executable cmTC_b3dff
/home/andres/Descargas/clion-2021.2.1/bin/cmake/linux/bin/cmake -E cmake_link_script CMakeFiles/cmTC_b3dff.dir/link.txt --verbose=1
/usr/bin/cc CMakeFiles/cmTC_b3dff.dir/src.c.o -o cmTC_b3dff 
/usr/bin/ld: CMakeFiles/cmTC_b3dff.dir/src.c.o: en la función `main':
src.c:(.text+0x46): referencia a `pthread_create' sin definir
/usr/bin/ld: src.c:(.text+0x52): referencia a `pthread_detach' sin definir
/usr/bin/ld: src.c:(.text+0x5e): referencia a `pthread_cancel' sin definir
/usr/bin/ld: src.c:(.text+0x6f): referencia a `pthread_join' sin definir
collect2: error: ld returned 1 exit status
make[1]: *** [CMakeFiles/cmTC_b3dff.dir/build.make:99: cmTC_b3dff] Error 1
make[1]: se sale del directorio '/home/andres/robotica/G6-M1/practica4/GotoXY/cmake-build-debug/CMakeFiles/CMakeTmp'
make: *** [Makefile:127: cmTC_b3dff/fast] Error 2


Source file was:
#include <pthread.h>

static void* test_func(void* data)
{
  return data;
}

int main(void)
{
  pthread_t thread;
  pthread_create(&thread, NULL, test_func, NULL);
  pthread_detach(thread);
  pthread_cancel(thread);
  pthread_join(thread, NULL);
  pthread_atfork(NULL, NULL, NULL);
  pthread_exit(NULL);

  return 0;
}

Determining if the function pthread_create exists in the pthreads failed with the following output:
Change Dir: /home/andres/robotica/G6-M1/practica4/GotoXY/cmake-build-debug/CMakeFiles/CMakeTmp

Run Build Command(s):/usr/bin/make -f Makefile cmTC_afa09/fast && /usr/bin/make  -f CMakeFiles/cmTC_afa09.dir/build.make CMakeFiles/cmTC_afa09.dir/build
make[1]: se entra en el directorio '/home/andres/robotica/G6-M1/practica4/GotoXY/cmake-build-debug/CMakeFiles/CMakeTmp'
Building C object CMakeFiles/cmTC_afa09.dir/CheckFunctionExists.c.o
/usr/bin/cc   -DCHECK_FUNCTION_EXISTS=pthread_create -o CMakeFiles/cmTC_afa09.dir/CheckFunctionExists.c.o -c /home/andres/Descargas/clion-2021.2.1/bin/cmake/linux/share/cmake-3.20/Modules/CheckFunctionExists.c
Linking C executable cmTC_afa09
/home/andres/Descargas/clion-2021.2.1/bin/cmake/linux/bin/cmake -E cmake_link_script CMakeFiles/cmTC_afa09.dir/link.txt --verbose=1
/usr/bin/cc  -DCHECK_FUNCTION_EXISTS=pthread_create CMakeFiles/cmTC_afa09.dir/CheckFunctionExists.c.o -o cmTC_afa09  -lpthreads 
/usr/bin/ld: no se puede encontrar -lpthreads
collect2: error: ld returned 1 exit status
make[1]: *** [CMakeFiles/cmTC_afa09.dir/build.make:99: cmTC_afa09] Error 1
make[1]: se sale del directorio '/home/andres/robotica/G6-M1/practica4/GotoXY/cmake-build-debug/CMakeFiles/CMakeTmp'
make: *** [Makefile:127: cmTC_afa09/fast] Error 2



